#
# A fatal error has been detected by the Java Runtime Environment:
#
#  SIGSEGV (0xb) at pc=0x000000010ee232be, pid=3780, tid=18691
#
# JRE version: Java(TM) SE Runtime Environment (8.0_25-b17) (build 1.8.0_25-b17)
# Java VM: Java HotSpot(TM) 64-Bit Server VM (25.25-b02 mixed mode bsd-amd64 compressed oops)
# Problematic frame:
# V  [libjvm.dylib+0x4232be]
#
# Failed to write core dump. Core dumps have been disabled. To enable core dumping, try "ulimit -c unlimited" before starting Java again
#
# If you would like to submit a bug report, please visit:
#   http://bugreport.sun.com/bugreport/crash.jsp
#

---------------  T H R E A D  ---------------

Current thread (0x00007fa32a017000):  JavaThread "JDWP Transport Listener: dt_socket" daemon [_thread_in_vm, id=18691, stack(0x0000000128502000,0x0000000128602000)]

siginfo: si_signo: 11 (SIGSEGV), si_code: 0 (unknown), si_addr: 0x0000000000000000

Registers:
RAX=0x0000000000000001, RBX=0x0010000000000000, RCX=0x000000010f1d6c80, RDX=0x0000000128601a8b
RSP=0x00000001286019d0, RBP=0x00000001286019e0, RSI=0x00007fa32a017000, RDI=0x00007fa32b820002
R8 =0x0000000000000000, R9 =0x00007fa329f00000, R10=0x0000000000000010, R11=0x00007fa329f00000
R12=0x00007fa32a017000, R13=0x00007fa32b820002, R14=0x00007fa32b820002, R15=0x00007fa32c100220
RIP=0x000000010ee232be, EFLAGS=0x0000000000010216, ERR=0x0000000000000000
  TRAPNO=0x000000000000000d

Top of Stack: (sp=0x00000001286019d0)
0x00000001286019d0:   0000000128601a8b 0000000128601a8b
0x00000001286019e0:   0000000128601a40 000000010ed3526e
0x00000001286019f0:   00007fa32a017000 0000000000000000
0x0000000128601a00:   0000000000000000 0000000000000000
0x0000000128601a10:   00007fa32a017000 00007fa32a017000
0x0000000128601a20:   0000000128601a8b 0000000128601a90
0x0000000128601a30:   00007fa32b820002 0000000000000002
0x0000000128601a40:   0000000128601a60 000000010d9747dc
0x0000000128601a50:   0000000000000001 0000000128601b08
0x0000000128601a60:   0000000128601ad0 000000010d959263
0x0000000128601a70:   0000000128601aa0 00007fa329f14370
0x0000000128601a80:   0000000300000032 0000000900601b08
0x0000000128601a90:   0000000000000000 0000000000000000
0x0000000128601aa0:   0000000000000000 0000000128601c90
0x0000000128601ab0:   000000010d97beca 00007fa32c0169e0
0x0000000128601ac0:   0000000128601b08 000000010d987588
0x0000000128601ad0:   0000000128601ae0 000000010d95935c
0x0000000128601ae0:   0000000128601d00 000000010d9628f6
0x0000000128601af0:   00000fd300000013 00000000000f0200
0x0000000128601b00:   00007fa32c0127a0 0000000128601c00
0x0000000128601b10:   00007fa300000084 0000000128601b20
0x0000000128601b20:   00007fa3000000a8 0000000128601b58
0x0000000128601b30:   0000000000000000 00007f0000000000
0x0000000128601b40:   00000fd30000000f 00007fff00004f80
0x0000000128601b50:   0000000128601b58 a37f000003000000
0x0000000128601b60:   0600000098c6e029 000078614d746567
0x0000000128601b70:   6176616a4c281600 61482f6c6974752f
0x0000000128601b80:   49293b70614d6873 616a4c283e000000
0x0000000128601b90:   2f6c6974752f6176 3c70614d68736148
0x0000000128601ba0:   616c2f6176616a4c 6765746e492f676e
0x0000000128601bb0:   6176616a4c3b7265 6e492f676e616c2f
0x0000000128601bc0:   3b3e3b7265676574 00000a0000004929 

Instructions: (pc=0x000000010ee232be)
0x000000010ee2329e:   31 c0 5d c3 55 48 89 e5 53 48 83 ec 08 48 85 ff
0x000000010ee232ae:   74 24 48 8b 1f 48 85 db 74 1c 48 83 fb 37 74 16
0x000000010ee232be:   48 8b 03 48 89 df ff 50 10 84 c0 b8 00 00 00 00
0x000000010ee232ce:   48 0f 45 c3 eb 02 31 c0 48 83 c4 08 5b 5d c3 90 

Register to memory mapping:

RAX=0x0000000000000001 is an unknown value
RBX=0x0010000000000000 is an unknown value
RCX=0x000000010f1d6c80: UseMembar+0 in /Library/Java/JavaVirtualMachines/jdk1.8.0_25.jdk/Contents/Home/jre/lib/server/libjvm.dylib at 0x000000010ea00000
RDX=0x0000000128601a8b is pointing into the stack for thread: 0x00007fa32a017000
RSP=0x00000001286019d0 is pointing into the stack for thread: 0x00007fa32a017000
RBP=0x00000001286019e0 is pointing into the stack for thread: 0x00007fa32a017000
RSI=0x00007fa32a017000 is a thread
RDI=0x00007fa32b820002 is an unknown value
R8 =0x0000000000000000 is an unknown value
R9 =0x00007fa329f00000 is an unknown value
R10=0x0000000000000010 is an unknown value
R11=0x00007fa329f00000 is an unknown value
R12=0x00007fa32a017000 is a thread
R13=0x00007fa32b820002 is an unknown value
R14=0x00007fa32b820002 is an unknown value
R15=0x00007fa32c100220 is an unknown value


Stack: [0x0000000128502000,0x0000000128602000],  sp=0x00000001286019d0,  free space=1022k
Native frames: (J=compiled Java code, j=interpreted, Vv=VM code, C=native code)
V  [libjvm.dylib+0x4232be]
V  [libjvm.dylib+0x33526e]
C  [libjdwp.dylib+0x207dc]  isMethodSynthetic+0x63
C  [libjdwp.dylib+0x5263]  methods1+0x10b
C  [libjdwp.dylib+0x535c]  methodsWithGeneric+0xe
C  [libjdwp.dylib+0xe8f6]  debugLoop_run+0x1ce
C  [libjdwp.dylib+0x1f716]  attachThread+0x4d
V  [libjvm.dylib+0x3762ce]
V  [libjvm.dylib+0x535ed9]
V  [libjvm.dylib+0x53761c]
V  [libjvm.dylib+0x45d87e]
C  [libsystem_pthread.dylib+0x3268]  _pthread_body+0x83
C  [libsystem_pthread.dylib+0x31e5]  _pthread_body+0x0
C  [libsystem_pthread.dylib+0x141d]  thread_start+0xd
C  0x0000000000000000


---------------  P R O C E S S  ---------------

Java Threads: ( => current thread )
  0x00007fa32d023000 JavaThread "Service Thread" daemon [_thread_blocked, id=22275, stack(0x0000000128c17000,0x0000000128d17000)]
  0x00007fa32d010800 JavaThread "C1 CompilerThread3" daemon [_thread_blocked, id=21763, stack(0x0000000128b14000,0x0000000128c14000)]
  0x00007fa32b822000 JavaThread "C2 CompilerThread2" daemon [_thread_blocked, id=21251, stack(0x0000000128a11000,0x0000000128b11000)]
  0x00007fa32b821800 JavaThread "C2 CompilerThread1" daemon [_thread_blocked, id=20739, stack(0x000000012890e000,0x0000000128a0e000)]
  0x00007fa32b815800 JavaThread "C2 CompilerThread0" daemon [_thread_blocked, id=20227, stack(0x000000012880b000,0x000000012890b000)]
  0x00007fa32c816800 JavaThread "JDWP Command Reader" daemon [_thread_in_native, id=19715, stack(0x0000000128708000,0x0000000128808000)]
  0x00007fa32c816000 JavaThread "JDWP Event Helper Thread" daemon [_thread_blocked, id=19203, stack(0x0000000128605000,0x0000000128705000)]
=>0x00007fa32a017000 JavaThread "JDWP Transport Listener: dt_socket" daemon [_thread_in_vm, id=18691, stack(0x0000000128502000,0x0000000128602000)]
  0x00007fa32d00e000 JavaThread "Signal Dispatcher" daemon [_thread_blocked, id=14611, stack(0x00000001283f8000,0x00000001284f8000)]
  0x00007fa32b80b000 JavaThread "Finalizer" daemon [_thread_blocked, id=13571, stack(0x00000001269d5000,0x0000000126ad5000)]
  0x00007fa32b80a000 JavaThread "Reference Handler" daemon [_thread_blocked, id=13059, stack(0x00000001268d2000,0x00000001269d2000)]
  0x00007fa32c803000 JavaThread "main" [_thread_blocked, id=4867, stack(0x000000010f91d000,0x000000010fa1d000)]

Other Threads:
  0x00007fa32b807800 VMThread [stack: 0x00000001267cf000,0x00000001268cf000] [id=12547]
  0x00007fa32d02c000 WatcherThread [stack: 0x0000000128d1a000,0x0000000128e1a000] [id=22787]

VM state:not at safepoint (normal execution)

VM Mutex/Monitor currently owned by a thread: None

Heap:
 PSYoungGen      total 38400K, used 3995K [0x0000000795580000, 0x0000000798000000, 0x00000007c0000000)
  eden space 33280K, 12% used [0x0000000795580000,0x0000000795966ff8,0x0000000797600000)
  from space 5120K, 0% used [0x0000000797b00000,0x0000000797b00000,0x0000000798000000)
  to   space 5120K, 0% used [0x0000000797600000,0x0000000797600000,0x0000000797b00000)
 ParOldGen       total 87552K, used 0K [0x0000000740000000, 0x0000000745580000, 0x0000000795580000)
  object space 87552K, 0% used [0x0000000740000000,0x0000000740000000,0x0000000745580000)
 Metaspace       used 3626K, capacity 4604K, committed 4864K, reserved 1056768K
  class space    used 409K, capacity 428K, committed 512K, reserved 1048576K

Card table byte_map: [0x000000011eddf000,0x000000011f1e0000] byte_map_base: 0x000000011b3df000

Marking Bits: (ParMarkBitMap*) 0x000000010f29d390
 Begin Bits: [0x000000011fca3000, 0x0000000121ca3000)
 End Bits:   [0x0000000121ca3000, 0x0000000123ca3000)

Polling page: 0x000000010d953000

CodeCache: size=245760Kb used=1268Kb max_used=1268Kb free=244491Kb
 bounds [0x000000010fa1f000, 0x000000010fc8f000, 0x000000011ea1f000]
 total_blobs=359 nmethods=115 adapters=167
 compilation: enabled

Compilation events (10 events):
Event: 0.376 Thread 0x00007fa32d010800  111       1       java.util.regex.Pattern::flags (5 bytes)
Event: 0.376 Thread 0x00007fa32d010800 nmethod 111 0x000000010fb5b350 code [0x000000010fb5b4a0, 0x000000010fb5b5b0]
Event: 0.379 Thread 0x00007fa32d010800  112       1       java.nio.Buffer::limit (5 bytes)
Event: 0.379 Thread 0x00007fa32d010800 nmethod 112 0x000000010fb5ba10 code [0x000000010fb5bb60, 0x000000010fb5bc70]
Event: 0.380 Thread 0x00007fa32d010800  113       3       java.nio.Buffer::checkIndex (22 bytes)
Event: 0.380 Thread 0x00007fa32d010800 nmethod 113 0x000000010fb5bcd0 code [0x000000010fb5be60, 0x000000010fb5c0c8]
Event: 0.380 Thread 0x00007fa32d010800  114       1       java.lang.CharacterDataLatin1::getProperties (11 bytes)
Event: 0.380 Thread 0x00007fa32d010800 nmethod 114 0x000000010fb5c1d0 code [0x000000010fb5c340, 0x000000010fb5c490]
Event: 0.380 Thread 0x00007fa32d010800  115       3       java.nio.Buffer::remaining (10 bytes)
Event: 0.380 Thread 0x00007fa32d010800 nmethod 115 0x000000010fb5c550 code [0x000000010fb5c6a0, 0x000000010fb5c7f0]

GC Heap History (0 events):
No events

Deoptimization events (0 events):
No events

Internal exceptions (10 events):
Event: 0.317 Thread 0x00007fa32c803000 Exception <a 'java/util/zip/ZipException'> (0x000000079586c1f0) thrown at [/HUDSON3/workspace/8-2-build-macosx-x86_64/jdk8u25/1514/hotspot/src/share/vm/prims/jni.cpp, line 716]
Event: 0.317 Thread 0x00007fa32c803000 Exception <a 'java/security/PrivilegedActionException'> (0x000000079586c3a0) thrown at [/HUDSON3/workspace/8-2-build-macosx-x86_64/jdk8u25/1514/hotspot/src/share/vm/prims/jvm.cpp, line 1312]
Event: 0.317 Thread 0x00007fa32c803000 Exception <a 'java/security/PrivilegedActionException'> (0x000000079586c558) thrown at [/HUDSON3/workspace/8-2-build-macosx-x86_64/jdk8u25/1514/hotspot/src/share/vm/prims/jvm.cpp, line 1312]
Event: 0.317 Thread 0x00007fa32c803000 Exception <a 'java/security/PrivilegedActionException'> (0x000000079586c8c8) thrown at [/HUDSON3/workspace/8-2-build-macosx-x86_64/jdk8u25/1514/hotspot/src/share/vm/prims/jvm.cpp, line 1312]
Event: 0.358 Thread 0x00007fa32c803000 Exception <a 'java/security/PrivilegedActionException'> (0x00000007958bb6b8) thrown at [/HUDSON3/workspace/8-2-build-macosx-x86_64/jdk8u25/1514/hotspot/src/share/vm/prims/jvm.cpp, line 1312]
Event: 0.358 Thread 0x00007fa32c803000 Exception <a 'java/security/PrivilegedActionException'> (0x00000007958bba00) thrown at [/HUDSON3/workspace/8-2-build-macosx-x86_64/jdk8u25/1514/hotspot/src/share/vm/prims/jvm.cpp, line 1312]
Event: 0.358 Thread 0x00007fa32c803000 Exception <a 'java/security/PrivilegedActionException'> (0x00000007958bed80) thrown at [/HUDSON3/workspace/8-2-build-macosx-x86_64/jdk8u25/1514/hotspot/src/share/vm/prims/jvm.cpp, line 1312]
Event: 0.358 Thread 0x00007fa32c803000 Exception <a 'java/security/PrivilegedActionException'> (0x00000007958bf0c8) thrown at [/HUDSON3/workspace/8-2-build-macosx-x86_64/jdk8u25/1514/hotspot/src/share/vm/prims/jvm.cpp, line 1312]
Event: 0.368 Thread 0x00007fa32c803000 Exception <a 'java/security/PrivilegedActionException'> (0x00000007958d6968) thrown at [/HUDSON3/workspace/8-2-build-macosx-x86_64/jdk8u25/1514/hotspot/src/share/vm/prims/jvm.cpp, line 1312]
Event: 0.369 Thread 0x00007fa32c803000 Exception <a 'java/security/PrivilegedActionException'> (0x00000007958dc108) thrown at [/HUDSON3/workspace/8-2-build-macosx-x86_64/jdk8u25/1514/hotspot/src/share/vm/prims/jvm.cpp, line 1312]

Events (10 events):
Event: 1654.073 Executing VM operation: RedefineClasses
Event: 1654.074 Executing VM operation: RedefineClasses done
Event: 1654.090 Executing VM operation: ChangeBreakpoints
Event: 1654.090 Executing VM operation: ChangeBreakpoints done
Event: 1884.033 Executing VM operation: ChangeBreakpoints
Event: 1884.033 Executing VM operation: ChangeBreakpoints done
Event: 2200.558 Executing VM operation: RedefineClasses
Event: 2200.559 Executing VM operation: RedefineClasses done
Event: 2367.247 Executing VM operation: RedefineClasses
Event: 2367.248 Executing VM operation: RedefineClasses done


Dynamic libraries:
0x0000000008fe6000 	/System/Library/Frameworks/Cocoa.framework/Versions/A/Cocoa
0x0000000008fe6000 	/System/Library/Frameworks/Security.framework/Versions/A/Security
0x0000000008fe6000 	/System/Library/Frameworks/ApplicationServices.framework/Versions/A/ApplicationServices
0x0000000008fe6000 	/usr/lib/libz.1.dylib
0x0000000008fe6000 	/usr/lib/libSystem.B.dylib
0x0000000008fe6000 	/usr/lib/libobjc.A.dylib
0x0000000008fe6000 	/System/Library/Frameworks/CoreFoundation.framework/Versions/A/CoreFoundation
0x0000000008fe6000 	/System/Library/Frameworks/Foundation.framework/Versions/C/Foundation
0x0000000008fe6000 	/System/Library/Frameworks/AppKit.framework/Versions/C/AppKit
0x0000000008fe6000 	/System/Library/Frameworks/CoreData.framework/Versions/A/CoreData
0x0000000008fe6000 	/System/Library/PrivateFrameworks/RemoteViewServices.framework/Versions/A/RemoteViewServices
0x0000000008fe6000 	/System/Library/PrivateFrameworks/UIFoundation.framework/Versions/A/UIFoundation
0x0000000008fe6000 	/System/Library/Frameworks/IOSurface.framework/Versions/A/IOSurface
0x0000000008fe6000 	/System/Library/Frameworks/AudioToolbox.framework/Versions/A/AudioToolbox
0x0000000008fe6000 	/System/Library/Frameworks/AudioUnit.framework/Versions/A/AudioUnit
0x0000000008fe6000 	/System/Library/PrivateFrameworks/DataDetectorsCore.framework/Versions/A/DataDetectorsCore
0x0000000008fe6000 	/System/Library/PrivateFrameworks/DesktopServicesPriv.framework/Versions/A/DesktopServicesPriv
0x0000000008fe6000 	/System/Library/Frameworks/Carbon.framework/Versions/A/Frameworks/HIToolbox.framework/Versions/A/HIToolbox
0x0000000008fe6000 	/System/Library/Frameworks/QuartzCore.framework/Versions/A/QuartzCore
0x0000000008fe6000 	/System/Library/Frameworks/Carbon.framework/Versions/A/Frameworks/SpeechRecognition.framework/Versions/A/SpeechRecognition
0x0000000008fe6000 	/usr/lib/libauto.dylib
0x0000000008fe6000 	/usr/lib/libicucore.A.dylib
0x0000000008fe6000 	/usr/lib/libxml2.2.dylib
0x0000000008fe6000 	/System/Library/PrivateFrameworks/CoreUI.framework/Versions/A/CoreUI
0x0000000008fe6000 	/System/Library/Frameworks/CoreAudio.framework/Versions/A/CoreAudio
0x0000000008fe6000 	/System/Library/Frameworks/DiskArbitration.framework/Versions/A/DiskArbitration
0x0000000008fe6000 	/usr/lib/liblangid.dylib
0x0000000008fe6000 	/System/Library/PrivateFrameworks/MultitouchSupport.framework/Versions/A/MultitouchSupport
0x0000000008fe6000 	/System/Library/Frameworks/IOKit.framework/Versions/A/IOKit
0x0000000008fe6000 	/usr/lib/libDiagnosticMessagesClient.dylib
0x0000000008fe6000 	/System/Library/Frameworks/CoreServices.framework/Versions/A/CoreServices
0x0000000008fe6000 	/System/Library/PrivateFrameworks/PerformanceAnalysis.framework/Versions/A/PerformanceAnalysis
0x0000000008fe6000 	/System/Library/PrivateFrameworks/GenerationalStorage.framework/Versions/A/GenerationalStorage
0x0000000008fe6000 	/System/Library/Frameworks/OpenGL.framework/Versions/A/OpenGL
0x0000000008fe6000 	/System/Library/PrivateFrameworks/Sharing.framework/Versions/A/Sharing
0x0000000008fe6000 	/System/Library/Frameworks/CoreGraphics.framework/Versions/A/CoreGraphics
0x0000000008fe6000 	/System/Library/Frameworks/CoreText.framework/Versions/A/CoreText
0x0000000008fe6000 	/System/Library/Frameworks/ImageIO.framework/Versions/A/ImageIO
0x0000000008fe6000 	/usr/lib/libextension.dylib
0x0000000008fe6000 	/System/Library/PrivateFrameworks/Backup.framework/Versions/A/Backup
0x0000000008fe6000 	/usr/lib/libarchive.2.dylib
0x0000000008fe6000 	/System/Library/Frameworks/CFNetwork.framework/Versions/A/CFNetwork
0x0000000008fe6000 	/System/Library/Frameworks/SystemConfiguration.framework/Versions/A/SystemConfiguration
0x0000000008fe6000 	/usr/lib/libCRFSuite.dylib
0x0000000008fe6000 	/usr/lib/libc++.1.dylib
0x0000000008fe6000 	/usr/lib/libc++abi.dylib
0x0000000008fe6000 	/usr/lib/system/libcache.dylib
0x0000000008fe6000 	/usr/lib/system/libcommonCrypto.dylib
0x0000000008fe6000 	/usr/lib/system/libcompiler_rt.dylib
0x0000000008fe6000 	/usr/lib/system/libcopyfile.dylib
0x0000000008fe6000 	/usr/lib/system/libcorecrypto.dylib
0x0000000008fe6000 	/usr/lib/system/libdispatch.dylib
0x0000000008fe6000 	/usr/lib/system/libdyld.dylib
0x0000000008fe6000 	/usr/lib/system/libkeymgr.dylib
0x0000000008fe6000 	/usr/lib/system/liblaunch.dylib
0x0000000008fe6000 	/usr/lib/system/libmacho.dylib
0x0000000008fe6000 	/usr/lib/system/libquarantine.dylib
0x0000000008fe6000 	/usr/lib/system/libremovefile.dylib
0x0000000008fe6000 	/usr/lib/system/libsystem_asl.dylib
0x0000000008fe6000 	/usr/lib/system/libsystem_blocks.dylib
0x0000000008fe6000 	/usr/lib/system/libsystem_c.dylib
0x0000000008fe6000 	/usr/lib/system/libsystem_configuration.dylib
0x0000000008fe6000 	/usr/lib/system/libsystem_coreservices.dylib
0x0000000008fe6000 	/usr/lib/system/libsystem_coretls.dylib
0x0000000008fe6000 	/usr/lib/system/libsystem_dnssd.dylib
0x0000000008fe6000 	/usr/lib/system/libsystem_info.dylib
0x0000000008fe6000 	/usr/lib/system/libsystem_kernel.dylib
0x0000000008fe6000 	/usr/lib/system/libsystem_m.dylib
0x0000000008fe6000 	/usr/lib/system/libsystem_malloc.dylib
0x0000000008fe6000 	/usr/lib/system/libsystem_network.dylib
0x0000000008fe6000 	/usr/lib/system/libsystem_networkextension.dylib
0x0000000008fe6000 	/usr/lib/system/libsystem_notify.dylib
0x0000000008fe6000 	/usr/lib/system/libsystem_platform.dylib
0x0000000008fe6000 	/usr/lib/system/libsystem_pthread.dylib
0x0000000008fe6000 	/usr/lib/system/libsystem_sandbox.dylib
0x0000000008fe6000 	/usr/lib/system/libsystem_secinit.dylib
0x0000000008fe6000 	/usr/lib/system/libsystem_stats.dylib
0x0000000008fe6000 	/usr/lib/system/libsystem_trace.dylib
0x0000000008fe6000 	/usr/lib/system/libunc.dylib
0x0000000008fe6000 	/usr/lib/system/libunwind.dylib
0x0000000008fe6000 	/usr/lib/system/libxpc.dylib
0x0000000008fe6000 	/usr/lib/libbz2.1.0.dylib
0x0000000008fe6000 	/usr/lib/liblzma.5.dylib
0x0000000008fe6000 	/usr/lib/libbsm.0.dylib
0x0000000008fe6000 	/usr/lib/libsqlite3.dylib
0x0000000008fe6000 	/usr/lib/system/libkxld.dylib
0x0000000008fe6000 	/usr/lib/libxar.1.dylib
0x0000000008fe6000 	/usr/lib/libpam.2.dylib
0x0000000008fe6000 	/usr/lib/libOpenScriptingUtil.dylib
0x0000000008fe6000 	/System/Library/Frameworks/CoreServices.framework/Versions/A/Frameworks/FSEvents.framework/Versions/A/FSEvents
0x0000000008fe6000 	/System/Library/Frameworks/CoreServices.framework/Versions/A/Frameworks/CarbonCore.framework/Versions/A/CarbonCore
0x0000000008fe6000 	/System/Library/Frameworks/CoreServices.framework/Versions/A/Frameworks/Metadata.framework/Versions/A/Metadata
0x0000000008fe6000 	/System/Library/Frameworks/CoreServices.framework/Versions/A/Frameworks/OSServices.framework/Versions/A/OSServices
0x0000000008fe6000 	/System/Library/Frameworks/CoreServices.framework/Versions/A/Frameworks/SearchKit.framework/Versions/A/SearchKit
0x0000000008fe6000 	/System/Library/Frameworks/CoreServices.framework/Versions/A/Frameworks/AE.framework/Versions/A/AE
0x0000000008fe6000 	/System/Library/Frameworks/CoreServices.framework/Versions/A/Frameworks/LaunchServices.framework/Versions/A/LaunchServices
0x0000000008fe6000 	/System/Library/Frameworks/CoreServices.framework/Versions/A/Frameworks/DictionaryServices.framework/Versions/A/DictionaryServices
0x0000000008fe6000 	/System/Library/Frameworks/NetFS.framework/Versions/A/NetFS
0x0000000008fe6000 	/System/Library/PrivateFrameworks/NetAuth.framework/Versions/A/NetAuth
0x0000000008fe6000 	/System/Library/PrivateFrameworks/login.framework/Versions/A/Frameworks/loginsupport.framework/Versions/A/loginsupport
0x0000000008fe6000 	/System/Library/PrivateFrameworks/TCC.framework/Versions/A/TCC
0x0000000008fe6000 	/usr/lib/libmecabra.dylib
0x0000000008fe6000 	/System/Library/Frameworks/ApplicationServices.framework/Versions/A/Frameworks/ATS.framework/Versions/A/ATS
0x0000000008fe6000 	/System/Library/Frameworks/ApplicationServices.framework/Versions/A/Frameworks/ColorSync.framework/Versions/A/ColorSync
0x0000000008fe6000 	/System/Library/Frameworks/ApplicationServices.framework/Versions/A/Frameworks/HIServices.framework/Versions/A/HIServices
0x0000000008fe6000 	/System/Library/Frameworks/ApplicationServices.framework/Versions/A/Frameworks/LangAnalysis.framework/Versions/A/LangAnalysis
0x0000000008fe6000 	/System/Library/Frameworks/ApplicationServices.framework/Versions/A/Frameworks/PrintCore.framework/Versions/A/PrintCore
0x0000000008fe6000 	/System/Library/Frameworks/ApplicationServices.framework/Versions/A/Frameworks/QD.framework/Versions/A/QD
0x0000000008fe6000 	/System/Library/Frameworks/ApplicationServices.framework/Versions/A/Frameworks/SpeechSynthesis.framework/Versions/A/SpeechSynthesis
0x0000000008fe6000 	/System/Library/Frameworks/Accelerate.framework/Versions/A/Accelerate
0x0000000008fe6000 	/System/Library/Frameworks/Accelerate.framework/Versions/A/Frameworks/vImage.framework/Versions/A/vImage
0x0000000008fe6000 	/System/Library/Frameworks/Accelerate.framework/Versions/A/Frameworks/vecLib.framework/Versions/A/vecLib
0x0000000008fe6000 	/System/Library/Frameworks/Accelerate.framework/Versions/A/Frameworks/vecLib.framework/Versions/A/libvDSP.dylib
0x0000000008fe6000 	/System/Library/Frameworks/Accelerate.framework/Versions/A/Frameworks/vecLib.framework/Versions/A/libvMisc.dylib
0x0000000008fe6000 	/System/Library/Frameworks/Accelerate.framework/Versions/A/Frameworks/vecLib.framework/Versions/A/libLAPACK.dylib
0x0000000008fe6000 	/System/Library/Frameworks/Accelerate.framework/Versions/A/Frameworks/vecLib.framework/Versions/A/libBLAS.dylib
0x0000000008fe6000 	/System/Library/Frameworks/Accelerate.framework/Versions/A/Frameworks/vecLib.framework/Versions/A/libLinearAlgebra.dylib
0x0000000008fe6000 	/System/Library/Frameworks/ApplicationServices.framework/Versions/A/Frameworks/ATS.framework/Versions/A/Resources/libFontParser.dylib
0x0000000008fe6000 	/System/Library/Frameworks/ApplicationServices.framework/Versions/A/Frameworks/ATS.framework/Versions/A/Resources/libFontRegistry.dylib
0x0000000008fe6000 	/System/Library/PrivateFrameworks/AppleVPA.framework/Versions/A/AppleVPA
0x0000000008fe6000 	/System/Library/PrivateFrameworks/AppleJPEG.framework/Versions/A/AppleJPEG
0x0000000008fe6000 	/System/Library/Frameworks/ImageIO.framework/Versions/A/Resources/libJPEG.dylib
0x0000000008fe6000 	/System/Library/Frameworks/ImageIO.framework/Versions/A/Resources/libTIFF.dylib
0x0000000008fe6000 	/System/Library/Frameworks/ImageIO.framework/Versions/A/Resources/libPng.dylib
0x0000000008fe6000 	/System/Library/Frameworks/ImageIO.framework/Versions/A/Resources/libGIF.dylib
0x0000000008fe6000 	/System/Library/Frameworks/ImageIO.framework/Versions/A/Resources/libJP2.dylib
0x0000000008fe6000 	/System/Library/Frameworks/ImageIO.framework/Versions/A/Resources/libRadiance.dylib
0x0000000008fe6000 	/System/Library/Frameworks/CoreVideo.framework/Versions/A/CoreVideo
0x0000000008fe6000 	/System/Library/Frameworks/OpenGL.framework/Versions/A/Libraries/libGLU.dylib
0x0000000008fe6000 	/System/Library/Frameworks/OpenGL.framework/Versions/A/Libraries/libGFXShared.dylib
0x0000000008fe6000 	/System/Library/Frameworks/OpenGL.framework/Versions/A/Libraries/libGL.dylib
0x0000000008fe6000 	/System/Library/Frameworks/OpenGL.framework/Versions/A/Libraries/libGLImage.dylib
0x0000000008fe6000 	/System/Library/Frameworks/OpenGL.framework/Versions/A/Libraries/libCVMSPluginSupport.dylib
0x0000000008fe6000 	/System/Library/Frameworks/OpenGL.framework/Versions/A/Libraries/libCoreVMClient.dylib
0x0000000008fe6000 	/usr/lib/libcups.2.dylib
0x0000000008fe6000 	/System/Library/Frameworks/Kerberos.framework/Versions/A/Kerberos
0x0000000008fe6000 	/System/Library/Frameworks/GSS.framework/Versions/A/GSS
0x0000000008fe6000 	/usr/lib/libresolv.9.dylib
0x0000000008fe6000 	/usr/lib/libiconv.2.dylib
0x0000000008fe6000 	/System/Library/PrivateFrameworks/Heimdal.framework/Versions/A/Heimdal
0x0000000008fe6000 	/usr/lib/libheimdal-asn1.dylib
0x0000000008fe6000 	/System/Library/Frameworks/OpenDirectory.framework/Versions/A/OpenDirectory
0x0000000008fe6000 	/System/Library/PrivateFrameworks/CommonAuth.framework/Versions/A/CommonAuth
0x0000000008fe6000 	/System/Library/Frameworks/OpenDirectory.framework/Versions/A/Frameworks/CFOpenDirectory.framework/Versions/A/CFOpenDirectory
0x0000000008fe6000 	/System/Library/Frameworks/SecurityFoundation.framework/Versions/A/SecurityFoundation
0x0000000008fe6000 	/System/Library/PrivateFrameworks/LanguageModeling.framework/Versions/A/LanguageModeling
0x0000000008fe6000 	/usr/lib/libcmph.dylib
0x0000000008fe6000 	/System/Library/Frameworks/ServiceManagement.framework/Versions/A/ServiceManagement
0x0000000008fe6000 	/usr/lib/libxslt.1.dylib
0x0000000008fe6000 	/System/Library/Frameworks/Carbon.framework/Versions/A/Frameworks/Ink.framework/Versions/A/Ink
0x0000000008fe6000 	/System/Library/Frameworks/QuartzCore.framework/Versions/A/Frameworks/CoreImage.framework/Versions/A/CoreImage
0x0000000008fe6000 	/System/Library/PrivateFrameworks/CrashReporterSupport.framework/Versions/A/CrashReporterSupport
0x0000000008fe6000 	/System/Library/Frameworks/OpenCL.framework/Versions/A/OpenCL
0x0000000008fe6000 	/System/Library/PrivateFrameworks/FaceCore.framework/Versions/A/FaceCore
0x0000000008fe6000 	/System/Library/PrivateFrameworks/Ubiquity.framework/Versions/A/Ubiquity
0x0000000008fe6000 	/System/Library/PrivateFrameworks/IconServices.framework/Versions/A/IconServices
0x0000000008fe6000 	/System/Library/PrivateFrameworks/ChunkingLibrary.framework/Versions/A/ChunkingLibrary
0x0000000008fe6000 	/System/Library/PrivateFrameworks/Apple80211.framework/Versions/A/Apple80211
0x0000000008fe6000 	/System/Library/Frameworks/CoreWLAN.framework/Versions/A/CoreWLAN
0x0000000008fe6000 	/System/Library/Frameworks/IOBluetooth.framework/Versions/A/IOBluetooth
0x0000000008fe6000 	/System/Library/PrivateFrameworks/CoreWiFi.framework/Versions/A/CoreWiFi
0x0000000008fe6000 	/System/Library/Frameworks/CoreBluetooth.framework/Versions/A/CoreBluetooth
0x0000000008fe6000 	/System/Library/PrivateFrameworks/DebugSymbols.framework/Versions/A/DebugSymbols
0x0000000008fe6000 	/System/Library/PrivateFrameworks/CoreSymbolication.framework/Versions/A/CoreSymbolication
0x0000000008fe6000 	/System/Library/PrivateFrameworks/Symbolication.framework/Versions/A/Symbolication
0x0000000008fe6000 	/System/Library/PrivateFrameworks/SpeechRecognitionCore.framework/Versions/A/SpeechRecognitionCore
0x000000010ea00000 	/Library/Java/JavaVirtualMachines/jdk1.8.0_25.jdk/Contents/Home/jre/lib/server/libjvm.dylib
0x0000000008fe6000 	/usr/lib/libstdc++.6.dylib
0x000000010d911000 	/Library/Java/JavaVirtualMachines/jdk1.8.0_25.jdk/Contents/Home/jre/lib/libverify.dylib
0x000000010d91f000 	/Library/Java/JavaVirtualMachines/jdk1.8.0_25.jdk/Contents/Home/jre/lib/libjava.dylib
0x000000010d954000 	/Library/Java/JavaVirtualMachines/jdk1.8.0_25.jdk/Contents/Home/jre/lib/libjdwp.dylib
0x000000010d99f000 	/Library/Java/JavaVirtualMachines/jdk1.8.0_25.jdk/Contents/Home/jre/lib/libnpt.dylib
0x000000010d9ac000 	/Library/Java/JavaVirtualMachines/jdk1.8.0_25.jdk/Contents/Home/jre/lib/libzip.dylib
0x0000000126ad7000 	/System/Library/Frameworks/JavaVM.framework/Frameworks/JavaRuntimeSupport.framework/JavaRuntimeSupport
0x0000000126aef000 	/System/Library/Frameworks/JavaVM.framework/Versions/A/Frameworks/JavaNativeFoundation.framework/Versions/A/JavaNativeFoundation
0x0000000126b04000 	/System/Library/Frameworks/JavaVM.framework/Versions/A/JavaVM
0x0000000008fe6000 	/System/Library/Frameworks/Carbon.framework/Versions/A/Carbon
0x0000000126b11000 	/System/Library/PrivateFrameworks/JavaLaunching.framework/Versions/A/JavaLaunching
0x0000000008fe6000 	/System/Library/Frameworks/Carbon.framework/Versions/A/Frameworks/CommonPanels.framework/Versions/A/CommonPanels
0x0000000008fe6000 	/System/Library/Frameworks/Carbon.framework/Versions/A/Frameworks/Help.framework/Versions/A/Help
0x0000000008fe6000 	/System/Library/Frameworks/Carbon.framework/Versions/A/Frameworks/ImageCapture.framework/Versions/A/ImageCapture
0x0000000008fe6000 	/System/Library/Frameworks/Carbon.framework/Versions/A/Frameworks/OpenScripting.framework/Versions/A/OpenScripting
0x0000000008fe6000 	/System/Library/Frameworks/Carbon.framework/Versions/A/Frameworks/Print.framework/Versions/A/Print
0x0000000008fe6000 	/System/Library/Frameworks/Carbon.framework/Versions/A/Frameworks/SecurityHI.framework/Versions/A/SecurityHI
0x00000001284fa000 	/Library/Java/JavaVirtualMachines/jdk1.8.0_25.jdk/Contents/Home/jre/lib/libdt_socket.dylib
0x0000000128f6c000 	/Library/Java/JavaVirtualMachines/jdk1.8.0_25.jdk/Contents/Home/jre/lib/libnet.dylib
0x0000000128fcb000 	/Library/Java/JavaVirtualMachines/jdk1.8.0_25.jdk/Contents/Home/jre/lib/libnio.dylib

VM Arguments:
jvm_args: -agentlib:jdwp=transport=dt_socket,address=127.0.0.1:63167,suspend=y,server=n -Dfile.encoding=UTF-8 
java_command: barn1
java_class_path (initial): /Library/Java/JavaVirtualMachines/jdk1.8.0_25.jdk/Contents/Home/lib/ant-javafx.jar:/Library/Java/JavaVirtualMachines/jdk1.8.0_25.jdk/Contents/Home/lib/dt.jar:/Library/Java/JavaVirtualMachines/jdk1.8.0_25.jdk/Contents/Home/lib/javafx-mx.jar:/Library/Java/JavaVirtualMachines/jdk1.8.0_25.jdk/Contents/Home/lib/jconsole.jar:/Library/Java/JavaVirtualMachines/jdk1.8.0_25.jdk/Contents/Home/lib/sa-jdi.jar:/Library/Java/JavaVirtualMachines/jdk1.8.0_25.jdk/Contents/Home/lib/tools.jar:/Library/Java/JavaVirtualMachines/jdk1.8.0_25.jdk/Contents/Home/jre/lib/charsets.jar:/Library/Java/JavaVirtualMachines/jdk1.8.0_25.jdk/Contents/Home/jre/lib/deploy.jar:/Library/Java/JavaVirtualMachines/jdk1.8.0_25.jdk/Contents/Home/jre/lib/javaws.jar:/Library/Java/JavaVirtualMachines/jdk1.8.0_25.jdk/Contents/Home/jre/lib/jce.jar:/Library/Java/JavaVirtualMachines/jdk1.8.0_25.jdk/Contents/Home/jre/lib/jfr.jar:/Library/Java/JavaVirtualMachines/jdk1.8.0_25.jdk/Contents/Home/jre/lib/jfxswt.jar:/Library/Java/JavaVirtualMachines/jdk1.8.0_25.jdk/Contents/Home/jre/lib/jsse.jar:/Library/Java/JavaVirtualMachines/jdk1.8.0_25.jdk/Contents/Home/jre/lib/management-agent.jar:/Library/Java/JavaVirtualMachines/jdk1.8.0_25.jdk/Contents/Home/jre/lib/plugin.jar:/Library/Java/JavaVirtualMachines/jdk1.8.0_25.jdk/Contents/Home/jre/lib/resources.jar:/Library/Java/JavaVirtualMachines/jdk1.8.0_25.jdk/Contents/Home/jre/lib/rt.jar:/Library/Java/JavaVirtualMachines/jdk1.8.0_25.jdk/Contents/Home/jre/lib/ext/cldrdata.jar:/Library/Java/JavaVirtualMachines/jdk1.8.0_25.jdk/Contents/Home/jre/lib/ext/dnsns.jar:/Library/Java/JavaVirtualMachines/jdk1.8.0_25.jdk/Contents/Home/jre/lib/ext/jfxrt.jar:/Library/Java/JavaVirtualMachines/jdk1.8.0_25.jdk/Contents/Home/jre/lib/ext/localedata.jar:/Library/Java/JavaVirtualMachines/jdk1.8.0_25.jdk/Contents/Home/jre/lib/ext/nashorn.jar:/Library/Java/JavaVirtualMachines/jdk1.8.0_25.jdk/Contents/Home/jre/lib/ext/sunec.jar:/Library/Java/JavaVirtualMachines/jdk1.8.0_25.jdk/C
Launcher Type: SUN_STANDARD

Environment Variables:
PATH=/opt/local/bin:/opt/local/sbin:/opt/local/bin:/opt/local/sbin:/Library/Frameworks/Python.framework/Versions/2.7/bin:/Library/Frameworks/Python.framework/Versions/3.4/bin:/Library/Frameworks/Python.framework/Versions/3.5/bin:/usr/local/bin:/usr/bin:/bin:/usr/sbin:/sbin:/opt/X11/bin:/usr/local/git/bin
SHELL=/bin/bash
DISPLAY=/private/tmp/com.apple.launchd.eYNoOGIuoK/org.macosforge.xquartz:0

Signal Handlers:
SIGSEGV: [libjvm.dylib+0x579dc7], sa_mask[0]=11111111011111110111111111111111, sa_flags=SA_ONSTACK|SA_RESTART|SA_SIGINFO
SIGBUS: [libjvm.dylib+0x579dc7], sa_mask[0]=11111111011111110111111111111111, sa_flags=SA_RESTART|SA_SIGINFO
SIGFPE: [libjvm.dylib+0x45b030], sa_mask[0]=11111111011111110111111111111111, sa_flags=SA_RESTART|SA_SIGINFO
SIGPIPE: [libjvm.dylib+0x45b030], sa_mask[0]=11111111011111110111111111111111, sa_flags=SA_RESTART|SA_SIGINFO
SIGXFSZ: [libjvm.dylib+0x45b030], sa_mask[0]=11111111011111110111111111111111, sa_flags=SA_RESTART|SA_SIGINFO
SIGILL: [libjvm.dylib+0x45b030], sa_mask[0]=11111111011111110111111111111111, sa_flags=SA_RESTART|SA_SIGINFO
SIGUSR1: SIG_DFL, sa_mask[0]=00000000000000000000000000000000, sa_flags=none
SIGUSR2: [libjvm.dylib+0x45ab4e], sa_mask[0]=00100000000000000000000000000000, sa_flags=SA_RESTART|SA_SIGINFO
SIGHUP: [libjvm.dylib+0x459121], sa_mask[0]=11111111011111110111111111111111, sa_flags=SA_RESTART|SA_SIGINFO
SIGINT: [libjvm.dylib+0x459121], sa_mask[0]=11111111011111110111111111111111, sa_flags=SA_RESTART|SA_SIGINFO
SIGTERM: [libjvm.dylib+0x459121], sa_mask[0]=11111111011111110111111111111111, sa_flags=SA_RESTART|SA_SIGINFO
SIGQUIT: [libjvm.dylib+0x459121], sa_mask[0]=11111111011111110111111111111111, sa_flags=SA_RESTART|SA_SIGINFO


---------------  S Y S T E M  ---------------

OS:Bsduname:Darwin 14.3.0 Darwin Kernel Version 14.3.0: Mon Mar 23 11:59:05 PDT 2015; root:xnu-2782.20.48~5/RELEASE_X86_64 x86_64
rlimit: STACK 8192k, CORE 0k, NPROC 709, NOFILE 10240, AS infinity
load average:3.90 3.34 2.97

CPU:total 8 (4 cores per cpu, 2 threads per core) family 6 model 58 stepping 9, cmov, cx8, fxsr, mmx, sse, sse2, sse3, ssse3, sse4.1, sse4.2, popcnt, avx, aes, clmul, erms, ht, tsc, tscinvbit, tscinv

Memory: 4k page, physical 8388608k(47440k free)

/proc/meminfo:


vm_info: Java HotSpot(TM) 64-Bit Server VM (25.25-b02) for bsd-amd64 JRE (1.8.0_25-b17), built on Sep 17 2014 16:56:50 by "java_re" with gcc 4.2.1 (Based on Apple Inc. build 5658) (LLVM build 2336.11.00)

time: Sat Jul 11 18:11:55 2015
elapsed time: 2418 seconds (0d 0h 40m 18s)

